2019-11-12 10:29:38,166 INFO [root] [app.py(<module>:63)] - IHRM增删改查
2019-11-12 10:29:38,166 WARNING [root] [app.py(<module>:64)] - warning
2019-11-12 11:00:06,294 INFO [root] [app.py(<module>:63)] - IHRM增删改查
2019-11-12 11:00:06,294 WARNING [root] [app.py(<module>:64)] - warning
2019-11-12 11:00:06,489 INFO [root] [test_ihrm_emp.py(test_add:32)] - 新增信息
2019-11-12 11:00:06,489 INFO [root] [test_ihrm_emp.py(test_add:32)] - 新增信息
2019-11-12 11:00:06,505 INFO [root] [test_ihrm_emp.py(test_update:51)] - 修改信息
2019-11-12 11:00:06,505 INFO [root] [test_ihrm_emp.py(test_update:51)] - 修改信息
2019-11-12 11:00:06,543 INFO [root] [test_ihrm_emp.py(test_get:63)] - 查询信息
2019-11-12 11:00:06,543 INFO [root] [test_ihrm_emp.py(test_get:63)] - 查询信息
2019-11-12 11:00:06,559 INFO [root] [test_ihrm_emp.py(test_delete:74)] - 删除信息
2019-11-12 11:00:06,559 INFO [root] [test_ihrm_emp.py(test_delete:74)] - 删除信息
2019-11-12 11:10:08,811 INFO [root] [app.py(<module>:63)] - IHRM增删改查
2019-11-12 11:10:08,811 WARNING [root] [app.py(<module>:64)] - warning
2019-11-12 11:10:09,006 INFO [root] [test_ihrm_emp.py(test_add:32)] - 新增信息
2019-11-12 11:10:09,006 INFO [root] [test_ihrm_emp.py(test_add:32)] - 新增信息
2019-11-12 11:10:09,037 INFO [root] [test_ihrm_emp.py(test_update:51)] - 修改信息
2019-11-12 11:10:09,037 INFO [root] [test_ihrm_emp.py(test_update:51)] - 修改信息
2019-11-12 11:10:09,069 INFO [root] [test_ihrm_emp.py(test_get:63)] - 查询信息
2019-11-12 11:10:09,069 INFO [root] [test_ihrm_emp.py(test_get:63)] - 查询信息
2019-11-12 11:10:09,084 INFO [root] [test_ihrm_emp.py(test_delete:74)] - 删除信息
2019-11-12 11:10:09,084 INFO [root] [test_ihrm_emp.py(test_delete:74)] - 删除信息
2019-11-12 11:14:41,482 INFO [root] [test_ihrm_emp.py(test_add:32)] - 新增信息
2019-11-12 11:14:41,498 INFO [root] [test_ihrm_emp.py(test_update:49)] - 修改信息
2019-11-12 11:14:41,529 INFO [root] [test_ihrm_emp.py(test_get:61)] - 查询信息
2019-11-12 11:14:41,545 INFO [root] [test_ihrm_emp.py(test_delete:72)] - 删除信息
